生成启动时间为 2015/12/31 11:28:06。
     1>项目“C:\Users\jszx\Desktop\calculator5\calculator\calculator.vcxproj”在节点 2 上(build 个目标)。
     1>InitializeBuildStatus:
         正在创建“Debug\calculator.unsuccessfulbuild”，因为已指定“AlwaysCreate”。
       ClCompile:
         所有输出均为最新。
         C:\Program Files\Microsoft Visual Studio 10.0\VC\bin\CL.exe /c /ZI /nologo /W3 /WX- /Od /Oy- /D WIN32 /D _WINDOWS /D _DEBUG /D _UNICODE /D UNICODE /D _AFXDLL /Gm /EHsc /RTC1 /MDd /GS /fp:precise /Zc:wchar_t /Zc:forScope /Yu"StdAfx.h" /Fp"Debug\calculator.pch" /Fo"Debug\\" /Fd"Debug\vc100.pdb" /Gd /TP /analyze- /errorReport:prompt calculatorDlg.cpp
         calculatorDlg.cpp
     1>c:\users\jszx\desktop\calculator5\calculator\calculatordlg.cpp(551): warning C4244: “=”: 从“double”转换到“int”，可能丢失数据
     1>c:\users\jszx\desktop\calculator5\calculator\calculatordlg.cpp(552): warning C4244: “=”: 从“double”转换到“int”，可能丢失数据
     1>c:\users\jszx\desktop\calculator5\calculator\calculatordlg.cpp(561): warning C4244: “=”: 从“double”转换到“int”，可能丢失数据
     1>c:\users\jszx\desktop\calculator5\calculator\calculatordlg.cpp(562): warning C4244: “=”: 从“double”转换到“int”，可能丢失数据
     1>c:\users\jszx\desktop\calculator5\calculator\calculatordlg.cpp(574): warning C4244: “=”: 从“double”转换到“int”，可能丢失数据
     1>c:\users\jszx\desktop\calculator5\calculator\calculatordlg.cpp(575): warning C4244: “=”: 从“double”转换到“int”，可能丢失数据
     1>c:\users\jszx\desktop\calculator5\calculator\calculatordlg.cpp(584): warning C4244: “=”: 从“double”转换到“int”，可能丢失数据
     1>c:\users\jszx\desktop\calculator5\calculator\calculatordlg.cpp(585): warning C4244: “=”: 从“double”转换到“int”，可能丢失数据
     1>c:\users\jszx\desktop\calculator5\calculator\calculatordlg.cpp(598): warning C4244: “=”: 从“double”转换到“int”，可能丢失数据
     1>c:\users\jszx\desktop\calculator5\calculator\calculatordlg.cpp(599): warning C4244: “=”: 从“double”转换到“int”，可能丢失数据
     1>c:\users\jszx\desktop\calculator5\calculator\calculatordlg.cpp(608): warning C4244: “=”: 从“double”转换到“int”，可能丢失数据
     1>c:\users\jszx\desktop\calculator5\calculator\calculatordlg.cpp(609): warning C4244: “=”: 从“double”转换到“int”，可能丢失数据
       ResourceCompile:
         所有输出均为最新。
       ManifestResourceCompile:
         所有输出均为最新。
       Link:
         C:\Program Files\Microsoft Visual Studio 10.0\VC\bin\link.exe /ERRORREPORT:PROMPT /OUT:"C:\Users\jszx\Desktop\calculator5\Debug\calculator.exe" /INCREMENTAL /NOLOGO /MANIFEST /ManifestFile:"Debug\calculator.exe.intermediate.manifest" /MANIFESTUAC:"level='asInvoker' uiAccess='false'" /DEBUG /PDB:"C:\Users\jszx\Desktop\calculator5\Debug\calculator.pdb" /SUBSYSTEM:WINDOWS /TLBID:1 /ENTRY:"wWinMainCRTStartup" /DYNAMICBASE /NXCOMPAT /IMPLIB:"C:\Users\jszx\Desktop\calculator5\Debug\calculator.lib" /MACHINE:X86 Debug\calculator.res
         Debug\calculator.exe.embed.manifest.res
         Debug\calculator.obj
         Debug\calculatorDlg.obj
         Debug\stdafx.obj
       Manifest:
         C:\Program Files\Microsoft SDKs\Windows\v7.0A\bin\mt.exe /nologo /verbose /out:"Debug\calculator.exe.embed.manifest" /manifest Debug\calculator.exe.intermediate.manifest "C:\Program Files\Microsoft Visual Studio 10.0\VC\Include\Manifest\dpiaware.manifest"
         所有输出均为最新。
       LinkEmbedManifest:
         所有输出均为最新。
         calculator.vcxproj -> C:\Users\jszx\Desktop\calculator5\Debug\calculator.exe
       FinalizeBuildStatus:
         正在删除文件“Debug\calculator.unsuccessfulbuild”。
         正在对“Debug\calculator.lastbuildstate”执行 Touch 任务。
     1>已完成生成项目“C:\Users\jszx\Desktop\calculator5\calculator\calculator.vcxproj”(build 个目标)的操作。

生成成功。

已用时间 00:00:00.45
